2023-11-08 18:38:31.994485: I tensorflow/core/platform/cpu_feature_guard.cc:193] This TensorFlow binary is optimized with oneAPI Deep Neural Network Library (oneDNN) to use the following CPU instructions in performance-critical operations:  AVX2 AVX512F AVX512_VNNI FMA
To enable them in other operations, rebuild TensorFlow with the appropriate compiler flags.
2023-11-08 18:38:32.650915: I tensorflow/core/util/port.cc:104] oneDNN custom operations are on. You may see slightly different numerical results due to floating-point round-off errors from different computation orders. To turn them off, set the environment variable `TF_ENABLE_ONEDNN_OPTS=0`.
2023-11-08 18:38:36.904455: W tensorflow/compiler/xla/stream_executor/platform/default/dso_loader.cc:64] Could not load dynamic library 'libnvinfer.so.7'; dlerror: libnvinfer.so.7: cannot open shared object file: No such file or directory; LD_LIBRARY_PATH: /cm/shared/apps/cudnn8.1-cuda11.2/8.1.1.33/lib64:/cm/local/apps/cuda/libs/current/lib64:/cm/shared/apps/cuda11.2/toolkit/11.2.2/targets/x86_64-linux/lib:/cm/shared/spack/opt/spack/linux-ubuntu20.04-x86_64/gcc-12.1.0/python-3.8.13-slu6jvwlh43vemachntuxtqyqbxpltdg/lib:/cm/shared/apps/slurm/current/lib64/slurm:/cm/shared/apps/slurm/current/lib64
2023-11-08 18:38:36.906186: W tensorflow/compiler/xla/stream_executor/platform/default/dso_loader.cc:64] Could not load dynamic library 'libnvinfer_plugin.so.7'; dlerror: libnvinfer_plugin.so.7: cannot open shared object file: No such file or directory; LD_LIBRARY_PATH: /cm/shared/apps/cudnn8.1-cuda11.2/8.1.1.33/lib64:/cm/local/apps/cuda/libs/current/lib64:/cm/shared/apps/cuda11.2/toolkit/11.2.2/targets/x86_64-linux/lib:/cm/shared/spack/opt/spack/linux-ubuntu20.04-x86_64/gcc-12.1.0/python-3.8.13-slu6jvwlh43vemachntuxtqyqbxpltdg/lib:/cm/shared/apps/slurm/current/lib64/slurm:/cm/shared/apps/slurm/current/lib64
2023-11-08 18:38:36.906207: W tensorflow/compiler/tf2tensorrt/utils/py_utils.cc:38] TF-TRT Warning: Cannot dlopen some TensorRT libraries. If you would like to use Nvidia GPU with TensorRT, please make sure the missing libraries mentioned above are installed properly.
Iteration 0 in progress...   
Iteration 1 in progress...   
Iteration 2 in progress...   
Iteration 3 in progress...   
Iteration 4 in progress...   
Iteration 5 in progress...   
Iteration 6 in progress...   
Iteration 7 in progress...   
Iteration 8 in progress...   
Iteration 9 in progress...   
Iteration 10 in progress...   
Iteration 11 in progress...   
Iteration 12 in progress...   
Iteration 13 in progress...   
Iteration 14 in progress...   
Iteration 15 in progress...   
Iteration 16 in progress...   
Iteration 17 in progress...   
Iteration 18 in progress...   
Iteration 19 in progress...   
Iteration 20 in progress...   
Iteration 21 in progress...   
Iteration 22 in progress...   
Iteration 23 in progress...   
Iteration 24 in progress...   
Iteration 25 in progress...   
Iteration 26 in progress...   
Iteration 27 in progress...   
Iteration 28 in progress...   
Iteration 29 in progress...   
Iteration 30 in progress...   
Iteration 31 in progress...   
Iteration 32 in progress...   
Iteration 33 in progress...   
Iteration 34 in progress...   
Iteration 35 in progress...   
Iteration 36 in progress...   
Iteration 37 in progress...   
Iteration 38 in progress...   
Iteration 39 in progress...   
Iteration 40 in progress...   
Iteration 41 in progress...   
Iteration 42 in progress...   
Iteration 43 in progress...   
Iteration 44 in progress...   
Iteration 45 in progress...   
Iteration 46 in progress...   
Iteration 47 in progress...   
Iteration 48 in progress...   
Iteration 49 in progress...   
Iteration 50 in progress...   
Iteration 51 in progress...   
Iteration 52 in progress...   
Iteration 53 in progress...   
Iteration 54 in progress...   
Iteration 55 in progress...   
Iteration 56 in progress...   
Iteration 57 in progress...   
Iteration 58 in progress...   
Iteration 59 in progress...   
Iteration 60 in progress...   
Iteration 61 in progress...   
Iteration 62 in progress...   
Iteration 63 in progress...   
Iteration 64 in progress...   
Iteration 65 in progress...   
Iteration 66 in progress...   
Iteration 67 in progress...   
Iteration 68 in progress...   
Iteration 69 in progress...   
Iteration 70 in progress...   
Iteration 71 in progress...   
Iteration 72 in progress...   
Iteration 73 in progress...   
Iteration 74 in progress...   
Iteration 75 in progress...   
Iteration 76 in progress...   
Iteration 77 in progress...   
Iteration 78 in progress...   
Iteration 79 in progress...   
Iteration 80 in progress...   
Iteration 81 in progress...   
Iteration 82 in progress...   
Iteration 83 in progress...   
Iteration 84 in progress...   
Iteration 85 in progress...   
Iteration 86 in progress...   
Iteration 87 in progress...   
Iteration 88 in progress...   
Iteration 89 in progress...   
Iteration 90 in progress...   
Iteration 91 in progress...   
Iteration 92 in progress...   
Iteration 93 in progress...   
Iteration 94 in progress...   
Iteration 95 in progress...   
Iteration 96 in progress...   
Iteration 97 in progress...   
Iteration 98 in progress...   
Iteration 99 in progress...   
Iteration 100 in progress...   
Iteration 101 in progress...   
Iteration 102 in progress...   
Iteration 103 in progress...   
Iteration 104 in progress...   
Iteration 105 in progress...   
Iteration 106 in progress...   
Iteration 107 in progress...   
Iteration 108 in progress...   
Iteration 109 in progress...   
Iteration 110 in progress...   
Iteration 111 in progress...   
Iteration 112 in progress...   
Iteration 113 in progress...   
Iteration 114 in progress...   
Iteration 115 in progress...   
Iteration 116 in progress...   
Iteration 117 in progress...   
Iteration 118 in progress...   
Iteration 119 in progress...   
Iteration 120 in progress...   
Iteration 121 in progress...   
Iteration 122 in progress...   
Iteration 123 in progress...   
Iteration 124 in progress...   
Iteration 125 in progress...   
Iteration 126 in progress...   
Iteration 127 in progress...   
Iteration 128 in progress...   
Iteration 129 in progress...   
Iteration 130 in progress...   
Iteration 131 in progress...   
Iteration 132 in progress...   
Iteration 133 in progress...   
Iteration 134 in progress...   
Iteration 135 in progress...   
Iteration 136 in progress...   
Iteration 137 in progress...   
Iteration 138 in progress...   
Iteration 139 in progress...   
Iteration 140 in progress...   
Iteration 141 in progress...   
Iteration 142 in progress...   
Iteration 143 in progress...   
Iteration 144 in progress...   
Iteration 145 in progress...   
Iteration 146 in progress...   
Iteration 147 in progress...   
Iteration 148 in progress...   
Iteration 149 in progress...   
Iteration 150 in progress...   
Iteration 151 in progress...   
Iteration 152 in progress...   
Iteration 153 in progress...   
Iteration 154 in progress...   
Iteration 155 in progress...   
Iteration 156 in progress...   
Iteration 157 in progress...   
Iteration 158 in progress...   
Iteration 159 in progress...   
Iteration 160 in progress...   
Iteration 161 in progress...   
Iteration 162 in progress...   
Iteration 163 in progress...   
Iteration 164 in progress...   
Iteration 165 in progress...   
Iteration 166 in progress...   
Iteration 167 in progress...   
Iteration 168 in progress...   
Iteration 169 in progress...   
Iteration 170 in progress...   
Iteration 171 in progress...   
Iteration 172 in progress...   
Iteration 173 in progress...   
Iteration 174 in progress...   
Iteration 175 in progress...   
Iteration 176 in progress...   
Iteration 177 in progress...   
Iteration 178 in progress...   
Iteration 179 in progress...   
Iteration 180 in progress...   
Iteration 181 in progress...   
Iteration 182 in progress...   
Iteration 183 in progress...   
Iteration 184 in progress...   
Iteration 185 in progress...   
Iteration 186 in progress...   
Iteration 187 in progress...   
Iteration 188 in progress...   
Iteration 189 in progress...   
Iteration 190 in progress...   
Iteration 191 in progress...   
Iteration 192 in progress...   
Iteration 193 in progress...   
Iteration 194 in progress...   
Iteration 195 in progress...   
Iteration 196 in progress...   
Iteration 197 in progress...   
Iteration 198 in progress...   
Iteration 199 in progress...   
Iteration 200 in progress...   
Iteration 201 in progress...   
Iteration 202 in progress...   
Iteration 203 in progress...   
Iteration 204 in progress...   
Iteration 205 in progress...   
Iteration 206 in progress...   
Iteration 207 in progress...   
Iteration 208 in progress...   
Iteration 209 in progress...   
Iteration 210 in progress...   
Iteration 211 in progress...   
Iteration 212 in progress...   
Iteration 213 in progress...   
Iteration 214 in progress...   
Iteration 215 in progress...   
Iteration 216 in progress...   
Iteration 217 in progress...   
Iteration 218 in progress...   
Iteration 219 in progress...   
Iteration 220 in progress...   
Iteration 221 in progress...   
Iteration 222 in progress...   
Iteration 223 in progress...   
Iteration 224 in progress...   
Iteration 225 in progress...   
Iteration 226 in progress...   
Iteration 227 in progress...   
Iteration 228 in progress...   
Iteration 229 in progress...   
Iteration 230 in progress...   
Iteration 231 in progress...   
Iteration 232 in progress...   
Iteration 233 in progress...   
Iteration 234 in progress...   
Iteration 235 in progress...   
Iteration 236 in progress...   
Iteration 237 in progress...   
Iteration 238 in progress...   
Iteration 239 in progress...   
Iteration 240 in progress...   
Iteration 241 in progress...   
Iteration 242 in progress...   
Iteration 243 in progress...   
Iteration 244 in progress...   
Iteration 245 in progress...   
Iteration 246 in progress...   
Iteration 247 in progress...   
Iteration 248 in progress...   
Iteration 249 in progress...   
Iteration 250 in progress...   
Iteration 251 in progress...   
Iteration 252 in progress...   
Iteration 253 in progress...   
Iteration 254 in progress...   
Iteration 255 in progress...   
Iteration 256 in progress...   
Iteration 257 in progress...   
Iteration 258 in progress...   
Iteration 259 in progress...   
Iteration 260 in progress...   
Iteration 261 in progress...   
Iteration 262 in progress...   
Iteration 263 in progress...   
Iteration 264 in progress...   
Iteration 265 in progress...   
Iteration 266 in progress...   
Iteration 267 in progress...   
Iteration 268 in progress...   
Iteration 269 in progress...   
Iteration 270 in progress...   
Iteration 271 in progress...   
Iteration 272 in progress...   
Iteration 273 in progress...   
Iteration 274 in progress...   
Iteration 275 in progress...   
Iteration 276 in progress...   
Iteration 277 in progress...   
Iteration 278 in progress...   
Iteration 279 in progress...   
Iteration 280 in progress...   
Iteration 281 in progress...   
Iteration 282 in progress...   
Iteration 283 in progress...   
Iteration 284 in progress...   
Iteration 285 in progress...   
Iteration 286 in progress...   
Iteration 287 in progress...   
Iteration 288 in progress...   
Iteration 289 in progress...   
Iteration 290 in progress...   
Iteration 291 in progress...   
Iteration 292 in progress...   
Iteration 293 in progress...   
Iteration 294 in progress...   
Iteration 295 in progress...   
Iteration 296 in progress...   
Iteration 297 in progress...   
Iteration 298 in progress...   
Iteration 299 in progress...   
Iteration 300 in progress...   
Iteration 301 in progress...   
Iteration 302 in progress...   
Iteration 303 in progress...   
Iteration 304 in progress...   
Iteration 305 in progress...   
Iteration 306 in progress...   
Iteration 307 in progress...   
Iteration 308 in progress...   
Iteration 309 in progress...   
Iteration 310 in progress...   
Iteration 311 in progress...   
Iteration 312 in progress...   
Iteration 313 in progress...   
Iteration 314 in progress...   
Iteration 315 in progress...   
Iteration 316 in progress...   
Iteration 317 in progress...   
Iteration 318 in progress...   
Iteration 319 in progress...   
Iteration 320 in progress...   
Iteration 321 in progress...   
Iteration 322 in progress...   
Iteration 323 in progress...   
Iteration 324 in progress...   
Iteration 325 in progress...   
Iteration 326 in progress...   
Iteration 327 in progress...   
Iteration 328 in progress...   
Iteration 329 in progress...   
Iteration 330 in progress...   
Iteration 331 in progress...   
Iteration 332 in progress...   
Iteration 333 in progress...   
Iteration 334 in progress...   
Iteration 335 in progress...   
Iteration 336 in progress...   
Iteration 337 in progress...   
Iteration 338 in progress...   
Iteration 339 in progress...   
Iteration 340 in progress...   
Iteration 341 in progress...   
Iteration 342 in progress...   
Iteration 343 in progress...   
Iteration 344 in progress...   
Iteration 345 in progress...   
Iteration 346 in progress...   
Iteration 347 in progress...   
Iteration 348 in progress...   
Iteration 349 in progress...   
Iteration 350 in progress...   
Iteration 351 in progress...   
Iteration 352 in progress...   
Iteration 353 in progress...   
Iteration 354 in progress...   
Iteration 355 in progress...   
Iteration 356 in progress...   
Iteration 357 in progress...   
Iteration 358 in progress...   
Iteration 359 in progress...   
Iteration 360 in progress...   
Iteration 361 in progress...   
Iteration 362 in progress...   
Iteration 363 in progress...   
Iteration 364 in progress...   
Iteration 365 in progress...   
Iteration 366 in progress...   
Iteration 367 in progress...   
Iteration 368 in progress...   
Iteration 369 in progress...   
Iteration 370 in progress...   
Iteration 371 in progress...   
Iteration 372 in progress...   
Iteration 373 in progress...   
Iteration 374 in progress...   
Iteration 375 in progress...   
Iteration 376 in progress...   
Iteration 377 in progress...   
Iteration 378 in progress...   
Iteration 379 in progress...   
Iteration 380 in progress...   
Iteration 381 in progress...   
Iteration 382 in progress...   
Iteration 383 in progress...   
Iteration 384 in progress...   
Iteration 385 in progress...   
Iteration 386 in progress...   
Iteration 387 in progress...   
Iteration 388 in progress...   
Iteration 389 in progress...   
Iteration 390 in progress...   
Iteration 391 in progress...   
Iteration 392 in progress...   
Iteration 393 in progress...   
Iteration 394 in progress...   
Iteration 395 in progress...   
Iteration 396 in progress...   
Iteration 397 in progress...   
Iteration 398 in progress...   
Iteration 399 in progress...   
Iteration 400 in progress...   
Iteration 401 in progress...   
Iteration 402 in progress...   
Iteration 403 in progress...   
Iteration 404 in progress...   
Iteration 405 in progress...   
Iteration 406 in progress...   
Iteration 407 in progress...   
Iteration 408 in progress...   
Iteration 409 in progress...   
Iteration 410 in progress...   
Iteration 411 in progress...   
Iteration 412 in progress...   
Iteration 413 in progress...   
Iteration 414 in progress...   
Iteration 415 in progress...   
Iteration 416 in progress...   
Iteration 417 in progress...   
Iteration 418 in progress...   
Iteration 419 in progress...   
Iteration 420 in progress...   
Iteration 421 in progress...   
Iteration 422 in progress...   
Iteration 423 in progress...   
Iteration 424 in progress...   
Iteration 425 in progress...   
Iteration 426 in progress...   
Iteration 427 in progress...   
Iteration 428 in progress...   
Iteration 429 in progress...   
Iteration 430 in progress...   
Iteration 431 in progress...   
Iteration 432 in progress...   
Iteration 433 in progress...   
Iteration 434 in progress...   
Iteration 435 in progress...   
Iteration 436 in progress...   
Iteration 437 in progress...   
Iteration 438 in progress...   
Iteration 439 in progress...   
Iteration 440 in progress...   
Iteration 441 in progress...   
Iteration 442 in progress...   
Iteration 443 in progress...   
Iteration 444 in progress...   
Iteration 445 in progress...   
Iteration 446 in progress...   
Iteration 447 in progress...   
Iteration 448 in progress...   
Iteration 449 in progress...   
Iteration 450 in progress...   
Iteration 451 in progress...   
Iteration 452 in progress...   
Iteration 453 in progress...   
Iteration 454 in progress...   
Iteration 455 in progress...   
Iteration 456 in progress...   
Iteration 457 in progress...   
Iteration 458 in progress...   
Iteration 459 in progress...   
Iteration 460 in progress...   
Iteration 461 in progress...   
Iteration 462 in progress...   
Iteration 463 in progress...   
Iteration 464 in progress...   
Iteration 465 in progress...   
Iteration 466 in progress...   
Iteration 467 in progress...   
Iteration 468 in progress...   
Iteration 469 in progress...   
Iteration 470 in progress...   
Iteration 471 in progress...   
Iteration 472 in progress...   
Iteration 473 in progress...   
Iteration 474 in progress...   
Iteration 475 in progress...   
Iteration 476 in progress...   
Iteration 477 in progress...   
Iteration 478 in progress...   
Iteration 479 in progress...   
Iteration 480 in progress...   
Iteration 481 in progress...   
Iteration 482 in progress...   
Iteration 483 in progress...   
Iteration 484 in progress...   
Iteration 485 in progress...   
Iteration 486 in progress...   
Iteration 487 in progress...   
Iteration 488 in progress...   
Iteration 489 in progress...   
Iteration 490 in progress...   
Iteration 491 in progress...   
Iteration 492 in progress...   
Iteration 493 in progress...   
Iteration 494 in progress...   
Iteration 495 in progress...   
Iteration 496 in progress...   
Iteration 497 in progress...   
Iteration 498 in progress...   
Iteration 499 in progress...   
Iteration 500 in progress...   
Iteration 501 in progress...   
Iteration 502 in progress...   
Iteration 503 in progress...   
Iteration 504 in progress...   
Iteration 505 in progress...   
Iteration 506 in progress...   
Iteration 507 in progress...   
Iteration 508 in progress...   
Iteration 509 in progress...   
Iteration 510 in progress...   
Iteration 511 in progress...   
Iteration 512 in progress...   
Iteration 513 in progress...   
Iteration 514 in progress...   
Iteration 515 in progress...   
Iteration 516 in progress...   
Iteration 517 in progress...   
Iteration 518 in progress...   
Iteration 519 in progress...   
Iteration 520 in progress...   
Iteration 521 in progress...   
Iteration 522 in progress...   
Iteration 523 in progress...   
Iteration 524 in progress...   
Iteration 525 in progress...   
Iteration 526 in progress...   
Iteration 527 in progress...   
Iteration 528 in progress...   
Iteration 529 in progress...   
Iteration 530 in progress...   
Iteration 531 in progress...   
Iteration 532 in progress...   
Iteration 533 in progress...   
Iteration 534 in progress...   
Iteration 535 in progress...   
Iteration 536 in progress...   
Iteration 537 in progress...   
Iteration 538 in progress...   
Iteration 539 in progress...   
Iteration 540 in progress...   
Iteration 541 in progress...   
Iteration 542 in progress...   
Iteration 543 in progress...   
Iteration 544 in progress...   
Iteration 545 in progress...   
Iteration 546 in progress...   
Iteration 547 in progress...   
Iteration 548 in progress...   
Iteration 549 in progress...   
Iteration 550 in progress...   
Iteration 551 in progress...   
Iteration 552 in progress...   
Iteration 553 in progress...   
Iteration 554 in progress...   
Iteration 555 in progress...   
Iteration 556 in progress...   
Iteration 557 in progress...   
Iteration 558 in progress...   
Iteration 559 in progress...   
Iteration 560 in progress...   
Iteration 561 in progress...   
Iteration 562 in progress...   
Iteration 563 in progress...   
Iteration 564 in progress...   
Iteration 565 in progress...   
Iteration 566 in progress...   
Iteration 567 in progress...   
Iteration 568 in progress...   
Iteration 569 in progress...   
Iteration 570 in progress...   
Iteration 571 in progress...   
Iteration 572 in progress...   
Iteration 573 in progress...   
Iteration 574 in progress...   
Iteration 575 in progress...   
Iteration 576 in progress...   
Iteration 577 in progress...   
Iteration 578 in progress...   
Iteration 579 in progress...   
Iteration 580 in progress...   
Iteration 581 in progress...   
Iteration 582 in progress...   
Iteration 583 in progress...   
Iteration 584 in progress...   
Iteration 585 in progress...   
Iteration 586 in progress...   
Iteration 587 in progress...   
Iteration 588 in progress...   
Iteration 589 in progress...   
Iteration 590 in progress...   
Iteration 591 in progress...   
Iteration 592 in progress...   
Iteration 593 in progress...   
Iteration 594 in progress...   
Iteration 595 in progress...   
Iteration 596 in progress...   
Iteration 597 in progress...   
Iteration 598 in progress...   
Iteration 599 in progress...   
Iteration 600 in progress...   
Iteration 601 in progress...   
Iteration 602 in progress...   
Iteration 603 in progress...   
Iteration 604 in progress...   
Iteration 605 in progress...   
Iteration 606 in progress...   
Iteration 607 in progress...   
Iteration 608 in progress...   
Iteration 609 in progress...   
Iteration 610 in progress...   
Iteration 611 in progress...   
Iteration 612 in progress...   
Iteration 613 in progress...   
Iteration 614 in progress...   
Iteration 615 in progress...   
Iteration 616 in progress...   
Iteration 617 in progress...   
Iteration 618 in progress...   
Iteration 619 in progress...   
Iteration 620 in progress...   
Iteration 621 in progress...   
Iteration 622 in progress...   
Iteration 623 in progress...   
Iteration 624 in progress...   
Iteration 625 in progress...   
Iteration 626 in progress...   
Iteration 627 in progress...   
Iteration 628 in progress...   
Iteration 629 in progress...   
Iteration 630 in progress...   
Iteration 631 in progress...   
Iteration 632 in progress...   
Iteration 633 in progress...   
Iteration 634 in progress...   
Iteration 635 in progress...   
Iteration 636 in progress...   
Iteration 637 in progress...   
Iteration 638 in progress...   
Iteration 639 in progress...   
Iteration 640 in progress...   
Iteration 641 in progress...   
Iteration 642 in progress...   
Iteration 643 in progress...   
Iteration 644 in progress...   
Iteration 645 in progress...   
Iteration 646 in progress...   
Iteration 647 in progress...   
Iteration 648 in progress...   
Iteration 649 in progress...   
Iteration 650 in progress...   
Iteration 651 in progress...   
Iteration 652 in progress...   
Iteration 653 in progress...   
Iteration 654 in progress...   
Iteration 655 in progress...   
Iteration 656 in progress...   
Iteration 657 in progress...   
Iteration 658 in progress...   
Iteration 659 in progress...   
Iteration 660 in progress...   
Iteration 661 in progress...   
Iteration 662 in progress...   
Iteration 663 in progress...   
Iteration 664 in progress...   
Iteration 665 in progress...   
Iteration 666 in progress...   
Iteration 667 in progress...   
Iteration 668 in progress...   
Iteration 669 in progress...   
Iteration 670 in progress...   
Iteration 671 in progress...   
Iteration 672 in progress...   
Iteration 673 in progress...   
Iteration 674 in progress...   
Iteration 675 in progress...   
Iteration 676 in progress...   
Iteration 677 in progress...   
Iteration 678 in progress...   
Iteration 679 in progress...   
Iteration 680 in progress...   
Iteration 681 in progress...   
Iteration 682 in progress...   
Iteration 683 in progress...   
Iteration 684 in progress...   
Iteration 685 in progress...   
Iteration 686 in progress...   
Iteration 687 in progress...   
Iteration 688 in progress...   
Iteration 689 in progress...   
Iteration 690 in progress...   
Iteration 691 in progress...   
Iteration 692 in progress...   
Iteration 693 in progress...   
Iteration 694 in progress...   
Iteration 695 in progress...   
Iteration 696 in progress...   
Iteration 697 in progress...   
Iteration 698 in progress...   
Iteration 699 in progress...   
Iteration 700 in progress...   
Iteration 701 in progress...   
Iteration 702 in progress...   
Iteration 703 in progress...   
Iteration 704 in progress...   
Iteration 705 in progress...   
Iteration 706 in progress...   
Iteration 707 in progress...   
Iteration 708 in progress...   
Iteration 709 in progress...   
Iteration 710 in progress...   
Iteration 711 in progress...   
Iteration 712 in progress...   
Iteration 713 in progress...   
Iteration 714 in progress...   
Iteration 715 in progress...   
Iteration 716 in progress...   
Iteration 717 in progress...   
Iteration 718 in progress...   
Iteration 719 in progress...   
Iteration 720 in progress...   
Iteration 721 in progress...   
Iteration 722 in progress...   
Iteration 723 in progress...   
Iteration 724 in progress...   
Iteration 725 in progress...   
Iteration 726 in progress...   
Iteration 727 in progress...   
Iteration 728 in progress...   
Iteration 729 in progress...   
Iteration 730 in progress...   
Iteration 731 in progress...   
Iteration 732 in progress...   
Iteration 733 in progress...   
Iteration 734 in progress...   
Iteration 735 in progress...   
Iteration 736 in progress...   
Iteration 737 in progress...   
Iteration 738 in progress...   
Iteration 739 in progress...   
Iteration 740 in progress...   
Iteration 741 in progress...   
Iteration 742 in progress...   
Iteration 743 in progress...   
Iteration 744 in progress...   
Iteration 745 in progress...   
Iteration 746 in progress...   
Iteration 747 in progress...   
Iteration 748 in progress...   
Iteration 749 in progress...   
Iteration 750 in progress...   
Iteration 751 in progress...   
Iteration 752 in progress...   
Iteration 753 in progress...   
Iteration 754 in progress...   
Iteration 755 in progress...   
Iteration 756 in progress...   
Iteration 757 in progress...   
Iteration 758 in progress...   
Iteration 759 in progress...   
Iteration 760 in progress...   
Iteration 761 in progress...   
Iteration 762 in progress...   
Iteration 763 in progress...   
Iteration 764 in progress...   
Iteration 765 in progress...   
Iteration 766 in progress...   
Iteration 767 in progress...   
Iteration 768 in progress...   
Iteration 769 in progress...   
Iteration 770 in progress...   
Iteration 771 in progress...   
Iteration 772 in progress...   
Iteration 773 in progress...   
Iteration 774 in progress...   
Iteration 775 in progress...   
Iteration 776 in progress...   
Iteration 777 in progress...   
Iteration 778 in progress...   
Iteration 779 in progress...   
Iteration 780 in progress...   
Iteration 781 in progress...   
Iteration 782 in progress...   
Iteration 783 in progress...   
Iteration 784 in progress...   
Iteration 785 in progress...   
Iteration 786 in progress...   
Iteration 787 in progress...   
Iteration 788 in progress...   
Iteration 789 in progress...   
Iteration 790 in progress...   
Iteration 791 in progress...   
Iteration 792 in progress...   
Iteration 793 in progress...   
Iteration 794 in progress...   
Iteration 795 in progress...   
Iteration 796 in progress...   
Iteration 797 in progress...   
Iteration 798 in progress...   
Iteration 799 in progress...   
Iteration 800 in progress...   
Iteration 801 in progress...   
Iteration 802 in progress...   
Iteration 803 in progress...   
Iteration 804 in progress...   
Iteration 805 in progress...   
Iteration 806 in progress...   
Iteration 807 in progress...   
Iteration 808 in progress...   
Iteration 809 in progress...   
Iteration 810 in progress...   
Iteration 811 in progress...   
Iteration 812 in progress...   
Iteration 813 in progress...   
Iteration 814 in progress...   
Iteration 815 in progress...   
Iteration 816 in progress...   
Iteration 817 in progress...   
Iteration 818 in progress...   
Iteration 819 in progress...   
Iteration 820 in progress...   
Iteration 821 in progress...   
Iteration 822 in progress...   
Iteration 823 in progress...   
Iteration 824 in progress...   
Iteration 825 in progress...   
Iteration 826 in progress...   
Iteration 827 in progress...   
Iteration 828 in progress...   
Iteration 829 in progress...   
Iteration 830 in progress...   
Iteration 831 in progress...   
Iteration 832 in progress...   
Iteration 833 in progress...   
Iteration 834 in progress...   
Iteration 835 in progress...   
Iteration 836 in progress...   
Iteration 837 in progress...   
Iteration 838 in progress...   
Iteration 839 in progress...   
Iteration 840 in progress...   
Iteration 841 in progress...   
Iteration 842 in progress...   
Iteration 843 in progress...   
Iteration 844 in progress...   
Iteration 845 in progress...   
Iteration 846 in progress...   
Iteration 847 in progress...   
Iteration 848 in progress...   
Iteration 849 in progress...   
Iteration 850 in progress...   
Iteration 851 in progress...   
Iteration 852 in progress...   
Iteration 853 in progress...   
Iteration 854 in progress...   
Iteration 855 in progress...   
Iteration 856 in progress...   
Iteration 857 in progress...   
Iteration 858 in progress...   
Iteration 859 in progress...   
Iteration 860 in progress...   
Iteration 861 in progress...   
Iteration 862 in progress...   
Iteration 863 in progress...   
Iteration 864 in progress...   
Iteration 865 in progress...   
Iteration 866 in progress...   
Iteration 867 in progress...   
Iteration 868 in progress...   
Iteration 869 in progress...   
Iteration 870 in progress...   
Iteration 871 in progress...   
Iteration 872 in progress...   
Iteration 873 in progress...   
Iteration 874 in progress...   
Iteration 875 in progress...   
Iteration 876 in progress...   
Iteration 877 in progress...   
Iteration 878 in progress...   
Iteration 879 in progress...   
Iteration 880 in progress...   
Iteration 881 in progress...   
Iteration 882 in progress...   
Iteration 883 in progress...   
Iteration 884 in progress...   
Iteration 885 in progress...   
Iteration 886 in progress...   
Iteration 887 in progress...   
Iteration 888 in progress...   
Iteration 889 in progress...   
Iteration 890 in progress...   
Iteration 891 in progress...   
Iteration 892 in progress...   
Iteration 893 in progress...   
Iteration 894 in progress...   
Iteration 895 in progress...   
Iteration 896 in progress...   
Iteration 897 in progress...   
Iteration 898 in progress...   
Iteration 899 in progress...   
Iteration 900 in progress...   
Iteration 901 in progress...   
Iteration 902 in progress...   
Iteration 903 in progress...   
Iteration 904 in progress...   
Iteration 905 in progress...   
Iteration 906 in progress...   
Iteration 907 in progress...   
Iteration 908 in progress...   
Iteration 909 in progress...   
Iteration 910 in progress...   
Iteration 911 in progress...   
Iteration 912 in progress...   
Iteration 913 in progress...   
Iteration 914 in progress...   
Iteration 915 in progress...   
Iteration 916 in progress...   
Iteration 917 in progress...   
Iteration 918 in progress...   
Iteration 919 in progress...   
Iteration 920 in progress...   
Iteration 921 in progress...   
Iteration 922 in progress...   
Iteration 923 in progress...   
Iteration 924 in progress...   
Iteration 925 in progress...   
Iteration 926 in progress...   
Iteration 927 in progress...   
Iteration 928 in progress...   
Iteration 929 in progress...   
Iteration 930 in progress...   
Iteration 931 in progress...   
Iteration 932 in progress...   
Iteration 933 in progress...   
Iteration 934 in progress...   
Iteration 935 in progress...   
Iteration 936 in progress...   
Iteration 937 in progress...   
Iteration 938 in progress...   
Iteration 939 in progress...   
Iteration 940 in progress...   
Iteration 941 in progress...   
Iteration 942 in progress...   
Iteration 943 in progress...   
Iteration 944 in progress...   
Iteration 945 in progress...   
Iteration 946 in progress...   
Iteration 947 in progress...   
Iteration 948 in progress...   
Iteration 949 in progress...   
Iteration 950 in progress...   
Iteration 951 in progress...   
Iteration 952 in progress...   
Iteration 953 in progress...   
Iteration 954 in progress...   
Iteration 955 in progress...   
Iteration 956 in progress...   
Iteration 957 in progress...   
Iteration 958 in progress...   
Iteration 959 in progress...   
Iteration 960 in progress...   
Iteration 961 in progress...   
Iteration 962 in progress...   
Iteration 963 in progress...   
Iteration 964 in progress...   
Iteration 965 in progress...   
Iteration 966 in progress...   
Iteration 967 in progress...   
Iteration 968 in progress...   
Iteration 969 in progress...   
Iteration 970 in progress...   
Iteration 971 in progress...   
Iteration 972 in progress...   
Iteration 973 in progress...   
Iteration 974 in progress...   
Iteration 975 in progress...   
Iteration 976 in progress...   
Iteration 977 in progress...   
Iteration 978 in progress...   
Iteration 979 in progress...   
Iteration 980 in progress...   
Iteration 981 in progress...   
Iteration 982 in progress...   
Iteration 983 in progress...   
Iteration 984 in progress...   
Iteration 985 in progress...   
Iteration 986 in progress...   
Iteration 987 in progress...   
Iteration 988 in progress...   
Iteration 989 in progress...   
Iteration 990 in progress...   
Iteration 991 in progress...   
Iteration 992 in progress...   
Iteration 993 in progress...   
Iteration 994 in progress...   
Iteration 995 in progress...   
Iteration 996 in progress...   
Iteration 997 in progress...   
Iteration 998 in progress...   
Iteration 999 in progress...   
Iteration 1000 in progress...   
Iteration 1001 in progress...   
Iteration 1002 in progress...   
Iteration 1003 in progress...   
Iteration 1004 in progress...   
Iteration 1005 in progress...   
Iteration 1006 in progress...   
Iteration 1007 in progress...   
Iteration 1008 in progress...   
Iteration 1009 in progress...   
Iteration 1010 in progress...   
Iteration 1011 in progress...   
Iteration 1012 in progress...   
Iteration 1013 in progress...   
Iteration 1014 in progress...   
Iteration 1015 in progress...   
Iteration 1016 in progress...   
Iteration 1017 in progress...   
Iteration 1018 in progress...   
Iteration 1019 in progress...   
Iteration 1020 in progress...   
Iteration 1021 in progress...   
Iteration 1022 in progress...   
Iteration 1023 in progress...   
Iteration 1024 in progress...   
Iteration 1025 in progress...   
Iteration 1026 in progress...   
Iteration 1027 in progress...   
Iteration 1028 in progress...   
Iteration 1029 in progress...   
Iteration 1030 in progress...   
Iteration 1031 in progress...   
Iteration 1032 in progress...   
Iteration 1033 in progress...   
Iteration 1034 in progress...   
Iteration 1035 in progress...   
Iteration 1036 in progress...   
Iteration 1037 in progress...   
Iteration 1038 in progress...   
Iteration 1039 in progress...   
Iteration 1040 in progress...   
Iteration 1041 in progress...   
Iteration 1042 in progress...   
Iteration 1043 in progress...   
Iteration 1044 in progress...   
Iteration 1045 in progress...   
Iteration 1046 in progress...   
Iteration 1047 in progress...   
Iteration 1048 in progress...   
Iteration 1049 in progress...   
Iteration 1050 in progress...   
Iteration 1051 in progress...   
Iteration 1052 in progress...   
Iteration 1053 in progress...   
Iteration 1054 in progress...   
Iteration 1055 in progress...   
Iteration 1056 in progress...   
Iteration 1057 in progress...   
Iteration 1058 in progress...   
Iteration 1059 in progress...   
Iteration 1060 in progress...   
Iteration 1061 in progress...   
Iteration 1062 in progress...   
Iteration 1063 in progress...   
Iteration 1064 in progress...   
Iteration 1065 in progress...   
Iteration 1066 in progress...   
Iteration 1067 in progress...   
Iteration 1068 in progress...   
Iteration 1069 in progress...   
Iteration 1070 in progress...   
Iteration 1071 in progress...   
Iteration 1072 in progress...   
Iteration 1073 in progress...   
Iteration 1074 in progress...   
Iteration 1075 in progress...   
Iteration 1076 in progress...   
Iteration 1077 in progress...   
Iteration 1078 in progress...   
Iteration 1079 in progress...   
Iteration 1080 in progress...   
Iteration 1081 in progress...   
Iteration 1082 in progress...   
Iteration 1083 in progress...   
Iteration 1084 in progress...   
Iteration 1085 in progress...   
Iteration 1086 in progress...   
Iteration 1087 in progress...   
Iteration 1088 in progress...   
Iteration 1089 in progress...   
Iteration 1090 in progress...   
Iteration 1091 in progress...   
Iteration 1092 in progress...   
Iteration 1093 in progress...   
Iteration 1094 in progress...   
Iteration 1095 in progress...   
Iteration 1096 in progress...   
Iteration 1097 in progress...   
Iteration 1098 in progress...   
Iteration 1099 in progress...   
Iteration 1100 in progress...   
Iteration 1101 in progress...   
Iteration 1102 in progress...   
Iteration 1103 in progress...   
Iteration 1104 in progress...   
Iteration 1105 in progress...   
Iteration 1106 in progress...   
Iteration 1107 in progress...   
Iteration 1108 in progress...   
Iteration 1109 in progress...   
Iteration 1110 in progress...   
Iteration 1111 in progress...   
Iteration 1112 in progress...   
Iteration 1113 in progress...   
Iteration 1114 in progress...   
Iteration 1115 in progress...   
Iteration 1116 in progress...   
Iteration 1117 in progress...   
Iteration 1118 in progress...   
Iteration 1119 in progress...   
Iteration 1120 in progress...   
Iteration 1121 in progress...   
Iteration 1122 in progress...   
Iteration 1123 in progress...   
Iteration 1124 in progress...   
Iteration 1125 in progress...   
Iteration 1126 in progress...   
Iteration 1127 in progress...   
Iteration 1128 in progress...   
Iteration 1129 in progress...   
Iteration 1130 in progress...   
Iteration 1131 in progress...   
Iteration 1132 in progress...   
Iteration 1133 in progress...   
Iteration 1134 in progress...   
Iteration 1135 in progress...   
Iteration 1136 in progress...   
Iteration 1137 in progress...   
Iteration 1138 in progress...   
Iteration 1139 in progress...   
Iteration 1140 in progress...   
Iteration 1141 in progress...   
Iteration 1142 in progress...   
Iteration 1143 in progress...   
Iteration 1144 in progress...   
Iteration 1145 in progress...   
Iteration 1146 in progress...   
Iteration 1147 in progress...   
Iteration 1148 in progress...   
Iteration 1149 in progress...   
Iteration 1150 in progress...   
Iteration 1151 in progress...   
Iteration 1152 in progress...   
Iteration 1153 in progress...   
Iteration 1154 in progress...   
Iteration 1155 in progress...   
Iteration 1156 in progress...   
Iteration 1157 in progress...   
Iteration 1158 in progress...   
Iteration 1159 in progress...   
Iteration 1160 in progress...   
Iteration 1161 in progress...   
Iteration 1162 in progress...   
Iteration 1163 in progress...   
Iteration 1164 in progress...   
Iteration 1165 in progress...   
Iteration 1166 in progress...   
Iteration 1167 in progress...   
Iteration 1168 in progress...   
Iteration 1169 in progress...   
Iteration 1170 in progress...   
Iteration 1171 in progress...   
Iteration 1172 in progress...   
Iteration 1173 in progress...   
Iteration 1174 in progress...   
Iteration 1175 in progress...   
Iteration 1176 in progress...   
Iteration 1177 in progress...   
Iteration 1178 in progress...   
Iteration 1179 in progress...   
Iteration 1180 in progress...   
Iteration 1181 in progress...   
Iteration 1182 in progress...   
Iteration 1183 in progress...   
Iteration 1184 in progress...   
Iteration 1185 in progress...   
Iteration 1186 in progress...   
Iteration 1187 in progress...   
Iteration 1188 in progress...   
Iteration 1189 in progress...   
Iteration 1190 in progress...   
Iteration 1191 in progress...   
Iteration 1192 in progress...   
Iteration 1193 in progress...   
Iteration 1194 in progress...   
Iteration 1195 in progress...   
Iteration 1196 in progress...   
Iteration 1197 in progress...   
Iteration 1198 in progress...   
Iteration 1199 in progress...   
Iteration 1200 in progress...   
Iteration 1201 in progress...   
Iteration 1202 in progress...   
Iteration 1203 in progress...   
Iteration 1204 in progress...   
Iteration 1205 in progress...   
Iteration 1206 in progress...   
Iteration 1207 in progress...   
Iteration 1208 in progress...   
Iteration 1209 in progress...   
Iteration 1210 in progress...   
Iteration 1211 in progress...   
Iteration 1212 in progress...   
Iteration 1213 in progress...   
Iteration 1214 in progress...   
Iteration 1215 in progress...   
Iteration 1216 in progress...   
Iteration 1217 in progress...   
Iteration 1218 in progress...   
Iteration 1219 in progress...   
Iteration 1220 in progress...   
Iteration 1221 in progress...   
Iteration 1222 in progress...   
Iteration 1223 in progress...   
Iteration 1224 in progress...   
Iteration 1225 in progress...   
Iteration 1226 in progress...   
Iteration 1227 in progress...   
Iteration 1228 in progress...   
Iteration 1229 in progress...   
Iteration 1230 in progress...   
Iteration 1231 in progress...   
Iteration 1232 in progress...   
Iteration 1233 in progress...   
Iteration 1234 in progress...   
Iteration 1235 in progress...   
Iteration 1236 in progress...   
Iteration 1237 in progress...   
Iteration 1238 in progress...   
Iteration 1239 in progress...   
Iteration 1240 in progress...   
Iteration 1241 in progress...   
Iteration 1242 in progress...   
Iteration 1243 in progress...   
Iteration 1244 in progress...   
Iteration 1245 in progress...   
Iteration 1246 in progress...   
Iteration 1247 in progress...   
Iteration 1248 in progress...   
Iteration 1249 in progress...   
Iteration 1250 in progress...   
Iteration 1251 in progress...   
Iteration 1252 in progress...   
Iteration 1253 in progress...   
Iteration 1254 in progress...   
Iteration 1255 in progress...   
Iteration 1256 in progress...   
Iteration 1257 in progress...   
Iteration 1258 in progress...   
Iteration 1259 in progress...   
Iteration 1260 in progress...   
Iteration 1261 in progress...   
Iteration 1262 in progress...   
Iteration 1263 in progress...   
Iteration 1264 in progress...   
Iteration 1265 in progress...   
Iteration 1266 in progress...   
Iteration 1267 in progress...   
Iteration 1268 in progress...   
Iteration 1269 in progress...   
Iteration 1270 in progress...   
Iteration 1271 in progress...   
Iteration 1272 in progress...   
Iteration 1273 in progress...   
Iteration 1274 in progress...   
Iteration 1275 in progress...   
Iteration 1276 in progress...   
Iteration 1277 in progress...   
Iteration 1278 in progress...   
Iteration 1279 in progress...   
Iteration 1280 in progress...   
Iteration 1281 in progress...   
Iteration 1282 in progress...   
Iteration 1283 in progress...   
Iteration 1284 in progress...   
Iteration 1285 in progress...   
Iteration 1286 in progress...   
Iteration 1287 in progress...   
Iteration 1288 in progress...   
Iteration 1289 in progress...   
Iteration 1290 in progress...   
Iteration 1291 in progress...   
Iteration 1292 in progress...   
Iteration 1293 in progress...   
Iteration 1294 in progress...   
Iteration 1295 in progress...   
Iteration 1296 in progress...   
Iteration 1297 in progress...   
Iteration 1298 in progress...   
Iteration 1299 in progress...   
Iteration 1300 in progress...   
Iteration 1301 in progress...   
Iteration 1302 in progress...   
Iteration 1303 in progress...   
Iteration 1304 in progress...   
Iteration 1305 in progress...   
Iteration 1306 in progress...   
Iteration 1307 in progress...   
Iteration 1308 in progress...   
Iteration 1309 in progress...   
Iteration 1310 in progress...   
Iteration 1311 in progress...   
Iteration 1312 in progress...   
Iteration 1313 in progress...   
Iteration 1314 in progress...   
Iteration 1315 in progress...   
Iteration 1316 in progress...   
Iteration 1317 in progress...   
Iteration 1318 in progress...   
Iteration 1319 in progress...   
Iteration 1320 in progress...   
Iteration 1321 in progress...   
Iteration 1322 in progress...   
Iteration 1323 in progress...   
Iteration 1324 in progress...   
Iteration 1325 in progress...   
Iteration 1326 in progress...   
Iteration 1327 in progress...   
Iteration 1328 in progress...   
Iteration 1329 in progress...   
Iteration 1330 in progress...   
Iteration 1331 in progress...   
Iteration 1332 in progress...   
Iteration 1333 in progress...   
Iteration 1334 in progress...   
Iteration 1335 in progress...   
Iteration 1336 in progress...   
Iteration 1337 in progress...   
Iteration 1338 in progress...   
Iteration 1339 in progress...   
Iteration 1340 in progress...   
Iteration 1341 in progress...   
Iteration 1342 in progress...   
Iteration 1343 in progress...   
Iteration 1344 in progress...   
Iteration 1345 in progress...   
Iteration 1346 in progress...   
Iteration 1347 in progress...   
Iteration 1348 in progress...   
Iteration 1349 in progress...   
Iteration 1350 in progress...   
Iteration 1351 in progress...   
Iteration 1352 in progress...   
Iteration 1353 in progress...   
Iteration 1354 in progress...   
Iteration 1355 in progress...   
Iteration 1356 in progress...   
Iteration 1357 in progress...   
Iteration 1358 in progress...   
Iteration 1359 in progress...   
Iteration 1360 in progress...   
Iteration 1361 in progress...   
Iteration 1362 in progress...   
Iteration 1363 in progress...   
Iteration 1364 in progress...   
Iteration 1365 in progress...   
Iteration 1366 in progress...   
Iteration 1367 in progress...   
Iteration 1368 in progress...   
Iteration 1369 in progress...   
Iteration 1370 in progress...   
Iteration 1371 in progress...   
Iteration 1372 in progress...   
Iteration 1373 in progress...   
Iteration 1374 in progress...   
Iteration 1375 in progress...   
Iteration 1376 in progress...   
Iteration 1377 in progress...   
Iteration 1378 in progress...   
Iteration 1379 in progress...   
Iteration 1380 in progress...   
Iteration 1381 in progress...   
Iteration 1382 in progress...   
Iteration 1383 in progress...   
Iteration 1384 in progress...   
Iteration 1385 in progress...   
Iteration 1386 in progress...   
Iteration 1387 in progress...   
Iteration 1388 in progress...   
Iteration 1389 in progress...   
Iteration 1390 in progress...   
Iteration 1391 in progress...   
Iteration 1392 in progress...   
Iteration 1393 in progress...   
Iteration 1394 in progress...   
Iteration 1395 in progress...   
Iteration 1396 in progress...   
Iteration 1397 in progress...   
Iteration 1398 in progress...   
Iteration 1399 in progress...   
Iteration 1400 in progress...   
Iteration 1401 in progress...   
Iteration 1402 in progress...   
Iteration 1403 in progress...   
Iteration 1404 in progress...   
Iteration 1405 in progress...   
Iteration 1406 in progress...   
Iteration 1407 in progress...   
Iteration 1408 in progress...   
Iteration 1409 in progress...   
Iteration 1410 in progress...   
Iteration 1411 in progress...   
Iteration 1412 in progress...   
Iteration 1413 in progress...   
Iteration 1414 in progress...   
Iteration 1415 in progress...   
Iteration 1416 in progress...   
Iteration 1417 in progress...   
Iteration 1418 in progress...   
Iteration 1419 in progress...   
Iteration 1420 in progress...   
Iteration 1421 in progress...   
Iteration 1422 in progress...   
Iteration 1423 in progress...   
Iteration 1424 in progress...   
Iteration 1425 in progress...   
Iteration 1426 in progress...   
Iteration 1427 in progress...   
Iteration 1428 in progress...   
Iteration 1429 in progress...   
Iteration 1430 in progress...   
Iteration 1431 in progress...   
Iteration 1432 in progress...   
Iteration 1433 in progress...   
Iteration 1434 in progress...   
Iteration 1435 in progress...   
Iteration 1436 in progress...   
Iteration 1437 in progress...   
Iteration 1438 in progress...   
Iteration 1439 in progress...   
Iteration 1440 in progress...   
Iteration 1441 in progress...   
Iteration 1442 in progress...   
Iteration 1443 in progress...   
Iteration 1444 in progress...   
Iteration 1445 in progress...   
Iteration 1446 in progress...   
Iteration 1447 in progress...   
Iteration 1448 in progress...   
Iteration 1449 in progress...   
Iteration 1450 in progress...   
Iteration 1451 in progress...   
Iteration 1452 in progress...   
Iteration 1453 in progress...   
Iteration 1454 in progress...   
Iteration 1455 in progress...   
Iteration 1456 in progress...   
Iteration 1457 in progress...   
Iteration 1458 in progress...   
Iteration 1459 in progress...   
Iteration 1460 in progress...   
Iteration 1461 in progress...   
Iteration 1462 in progress...   
Iteration 1463 in progress...   
Iteration 1464 in progress...   
Iteration 1465 in progress...   
Iteration 1466 in progress...   
Iteration 1467 in progress...   
Iteration 1468 in progress...   
Iteration 1469 in progress...   
Iteration 1470 in progress...   
Iteration 1471 in progress...   
Iteration 1472 in progress...   
Iteration 1473 in progress...   
Iteration 1474 in progress...   
Iteration 1475 in progress...   
Iteration 1476 in progress...   
Iteration 1477 in progress...   
Iteration 1478 in progress...   
Iteration 1479 in progress...   
Iteration 1480 in progress...   
Iteration 1481 in progress...   
Iteration 1482 in progress...   
Iteration 1483 in progress...   
Iteration 1484 in progress...   
Iteration 1485 in progress...   
Iteration 1486 in progress...   
Iteration 1487 in progress...   
Iteration 1488 in progress...   
Iteration 1489 in progress...   
Iteration 1490 in progress...   
Iteration 1491 in progress...   
Iteration 1492 in progress...   
Iteration 1493 in progress...   
Iteration 1494 in progress...   
Iteration 1495 in progress...   
Iteration 1496 in progress...   
Iteration 1497 in progress...   
Iteration 1498 in progress...   
Iteration 1499 in progress...   
Iteration 1500 in progress...   
Iteration 1501 in progress...   
Iteration 1502 in progress...   
Iteration 1503 in progress...   
Iteration 1504 in progress...   
Iteration 1505 in progress...   
Iteration 1506 in progress...   
Iteration 1507 in progress...   
Iteration 1508 in progress...   
Iteration 1509 in progress...   
Iteration 1510 in progress...   
Iteration 1511 in progress...   
Iteration 1512 in progress...   
Iteration 1513 in progress...   
Iteration 1514 in progress...   
Iteration 1515 in progress...   
Iteration 1516 in progress...   
Iteration 1517 in progress...   
Iteration 1518 in progress...   
Iteration 1519 in progress...   
Iteration 1520 in progress...   
Iteration 1521 in progress...   
Iteration 1522 in progress...   
Iteration 1523 in progress...   
Iteration 1524 in progress...   
Iteration 1525 in progress...   
Iteration 1526 in progress...   
Iteration 1527 in progress...   
Iteration 1528 in progress...   
Iteration 1529 in progress...   
Iteration 1530 in progress...   
Iteration 1531 in progress...   
Iteration 1532 in progress...   
Iteration 1533 in progress...   
Iteration 1534 in progress...   
Iteration 1535 in progress...   
Iteration 1536 in progress...   
Iteration 1537 in progress...   
Iteration 1538 in progress...   
Iteration 1539 in progress...   
Iteration 1540 in progress...   
Iteration 1541 in progress...   
Iteration 1542 in progress...   
Iteration 1543 in progress...   
Iteration 1544 in progress...   
Iteration 1545 in progress...   
Iteration 1546 in progress...   
Iteration 1547 in progress...   
Iteration 1548 in progress...   
Iteration 1549 in progress...   
Iteration 1550 in progress...   
Iteration 1551 in progress...   
Iteration 1552 in progress...   
Iteration 1553 in progress...   
Iteration 1554 in progress...   
Iteration 1555 in progress...   
Iteration 1556 in progress...   
Iteration 1557 in progress...   
Iteration 1558 in progress...   
Iteration 1559 in progress...   
Iteration 1560 in progress...   
Iteration 1561 in progress...   
Iteration 1562 in progress...   
Iteration 1563 in progress...   
Iteration 1564 in progress...   
Iteration 1565 in progress...   
Iteration 1566 in progress...   
Iteration 1567 in progress...   
Iteration 1568 in progress...   
Iteration 1569 in progress...   
Iteration 1570 in progress...   
Iteration 1571 in progress...   
Iteration 1572 in progress...   
Iteration 1573 in progress...   
Iteration 1574 in progress...   
Iteration 1575 in progress...   
Iteration 1576 in progress...   
Iteration 1577 in progress...   
Iteration 1578 in progress...   
Iteration 1579 in progress...   
Iteration 1580 in progress...   
Iteration 1581 in progress...   
Iteration 1582 in progress...   
Iteration 1583 in progress...   
Iteration 1584 in progress...   
Iteration 1585 in progress...   
Iteration 1586 in progress...   
Iteration 1587 in progress...   
Iteration 1588 in progress...   
Iteration 1589 in progress...   
Iteration 1590 in progress...   
Iteration 1591 in progress...   
Iteration 1592 in progress...   
Iteration 1593 in progress...   
Iteration 1594 in progress...   
Iteration 1595 in progress...   
Iteration 1596 in progress...   
Iteration 1597 in progress...   
Iteration 1598 in progress...   
Iteration 1599 in progress...   
Iteration 1600 in progress...   
Iteration 1601 in progress...   
Iteration 1602 in progress...   
Iteration 1603 in progress...   
Iteration 1604 in progress...   
Iteration 1605 in progress...   
Iteration 1606 in progress...   
Iteration 1607 in progress...   
Iteration 1608 in progress...   
Iteration 1609 in progress...   
Iteration 1610 in progress...   
Iteration 1611 in progress...   
Iteration 1612 in progress...   
Iteration 1613 in progress...   
Iteration 1614 in progress...   
Iteration 1615 in progress...   
Iteration 1616 in progress...   
Iteration 1617 in progress...   
Iteration 1618 in progress...   
Iteration 1619 in progress...   
Iteration 1620 in progress...   
Iteration 1621 in progress...   
Iteration 1622 in progress...   
Iteration 1623 in progress...   
Iteration 1624 in progress...   
Iteration 1625 in progress...   
Iteration 1626 in progress...   
Iteration 1627 in progress...   
Iteration 1628 in progress...   
Iteration 1629 in progress...   
Iteration 1630 in progress...   
Iteration 1631 in progress...   
Iteration 1632 in progress...   
Iteration 1633 in progress...   
Iteration 1634 in progress...   
Iteration 1635 in progress...   
Iteration 1636 in progress...   
Iteration 1637 in progress...   
Iteration 1638 in progress...   
Iteration 1639 in progress...   
Iteration 1640 in progress...   
Iteration 1641 in progress...   
Iteration 1642 in progress...   
Iteration 1643 in progress...   
Iteration 1644 in progress...   
Iteration 1645 in progress...   
Iteration 1646 in progress...   
Iteration 1647 in progress...   
Iteration 1648 in progress...   
Iteration 1649 in progress...   
Iteration 1650 in progress...   
Iteration 1651 in progress...   
Iteration 1652 in progress...   
Iteration 1653 in progress...   
Iteration 1654 in progress...   
Iteration 1655 in progress...   
Iteration 1656 in progress...   
Iteration 1657 in progress...   
Iteration 1658 in progress...   
Iteration 1659 in progress...   
Iteration 1660 in progress...   
Iteration 1661 in progress...   
Iteration 1662 in progress...   
Iteration 1663 in progress...   
Iteration 1664 in progress...   
Iteration 1665 in progress...   
Iteration 1666 in progress...   
Iteration 1667 in progress...   
Iteration 1668 in progress...   
Iteration 1669 in progress...   
Iteration 1670 in progress...   
Iteration 1671 in progress...   
Iteration 1672 in progress...   
Iteration 1673 in progress...   
Iteration 1674 in progress...   
Iteration 1675 in progress...   
Iteration 1676 in progress...   
Iteration 1677 in progress...   
Iteration 1678 in progress...   
Iteration 1679 in progress...   
Iteration 1680 in progress...   
Iteration 1681 in progress...   
Iteration 1682 in progress...   
Iteration 1683 in progress...   
Iteration 1684 in progress...   
Iteration 1685 in progress...   
Iteration 1686 in progress...   
Iteration 1687 in progress...   
Iteration 1688 in progress...   
Iteration 1689 in progress...   
Iteration 1690 in progress...   
Iteration 1691 in progress...   
Iteration 1692 in progress...   
Iteration 1693 in progress...   
Iteration 1694 in progress...   
Iteration 1695 in progress...   
Iteration 1696 in progress...   
Iteration 1697 in progress...   
Iteration 1698 in progress...   
Iteration 1699 in progress...   
Iteration 1700 in progress...   
Iteration 1701 in progress...   
Iteration 1702 in progress...   
Iteration 1703 in progress...   
Iteration 1704 in progress...   
Iteration 1705 in progress...   
Iteration 1706 in progress...   
Iteration 1707 in progress...   
Iteration 1708 in progress...   
Iteration 1709 in progress...   
Iteration 1710 in progress...   
Iteration 1711 in progress...   
Iteration 1712 in progress...   
Iteration 1713 in progress...   
Iteration 1714 in progress...   
Iteration 1715 in progress...   
Iteration 1716 in progress...   
Iteration 1717 in progress...   
Iteration 1718 in progress...   
Iteration 1719 in progress...   
Iteration 1720 in progress...   
Iteration 1721 in progress...   
Iteration 1722 in progress...   
Iteration 1723 in progress...   
Iteration 1724 in progress...   
Iteration 1725 in progress...   
Iteration 1726 in progress...   
Iteration 1727 in progress...   
Iteration 1728 in progress...   
Iteration 1729 in progress...   
Iteration 1730 in progress...   
Iteration 1731 in progress...   
Iteration 1732 in progress...   
Iteration 1733 in progress...   
Iteration 1734 in progress...   
Iteration 1735 in progress...   
Iteration 1736 in progress...   
Iteration 1737 in progress...   
Iteration 1738 in progress...   
Iteration 1739 in progress...   
Iteration 1740 in progress...   
Iteration 1741 in progress...   
Iteration 1742 in progress...   
Iteration 1743 in progress...   
Iteration 1744 in progress...   
Iteration 1745 in progress...   
Iteration 1746 in progress...   
Iteration 1747 in progress...   
Iteration 1748 in progress...   
Iteration 1749 in progress...   
Iteration 1750 in progress...   
Iteration 1751 in progress...   
Iteration 1752 in progress...   
Iteration 1753 in progress...   
Iteration 1754 in progress...   
Iteration 1755 in progress...   
Iteration 1756 in progress...   
Iteration 1757 in progress...   
Iteration 1758 in progress...   
Iteration 1759 in progress...   
Iteration 1760 in progress...   
Iteration 1761 in progress...   
Iteration 1762 in progress...   
Iteration 1763 in progress...   
Iteration 1764 in progress...   
Iteration 1765 in progress...   
Iteration 1766 in progress...   
Iteration 1767 in progress...   
Iteration 1768 in progress...   
Iteration 1769 in progress...   
Iteration 1770 in progress...   
Iteration 1771 in progress...   
Iteration 1772 in progress...   
Iteration 1773 in progress...   
Iteration 1774 in progress...   
Iteration 1775 in progress...   
Iteration 1776 in progress...   
Iteration 1777 in progress...   
Iteration 1778 in progress...   
Iteration 1779 in progress...   
Iteration 1780 in progress...   
Iteration 1781 in progress...   
Iteration 1782 in progress...   
Iteration 1783 in progress...   
Iteration 1784 in progress...   
Iteration 1785 in progress...   
Iteration 1786 in progress...   
Iteration 1787 in progress...   
Iteration 1788 in progress...   
Iteration 1789 in progress...   
Iteration 1790 in progress...   
Iteration 1791 in progress...   
Iteration 1792 in progress...   
Iteration 1793 in progress...   
Iteration 1794 in progress...   
Iteration 1795 in progress...   
Iteration 1796 in progress...   
Iteration 1797 in progress...   
Iteration 1798 in progress...   
Iteration 1799 in progress...   
Iteration 1800 in progress...   
Iteration 1801 in progress...   
Iteration 1802 in progress...   
Iteration 1803 in progress...   
Iteration 1804 in progress...   
Iteration 1805 in progress...   
Iteration 1806 in progress...   
Iteration 1807 in progress...   
Iteration 1808 in progress...   
Iteration 1809 in progress...   
Iteration 1810 in progress...   
Iteration 1811 in progress...   
Iteration 1812 in progress...   
Iteration 1813 in progress...   
Iteration 1814 in progress...   
Iteration 1815 in progress...   
Iteration 1816 in progress...   
Iteration 1817 in progress...   
Iteration 1818 in progress...   
Iteration 1819 in progress...   
Iteration 1820 in progress...   
Iteration 1821 in progress...   
Iteration 1822 in progress...   
Iteration 1823 in progress...   
Iteration 1824 in progress...   
Iteration 1825 in progress...   
Iteration 1826 in progress...   
Iteration 1827 in progress...   
Iteration 1828 in progress...   
Iteration 1829 in progress...   
Iteration 1830 in progress...   
Iteration 1831 in progress...   
Iteration 1832 in progress...   
Iteration 1833 in progress...   
Iteration 1834 in progress...   
Iteration 1835 in progress...   
Iteration 1836 in progress...   
Iteration 1837 in progress...   
Iteration 1838 in progress...   
Iteration 1839 in progress...   
Iteration 1840 in progress...   
Iteration 1841 in progress...   
Iteration 1842 in progress...   
Iteration 1843 in progress...   
Iteration 1844 in progress...   
Iteration 1845 in progress...   
Iteration 1846 in progress...   
Iteration 1847 in progress...   
Iteration 1848 in progress...   
Iteration 1849 in progress...   
Iteration 1850 in progress...   
Iteration 1851 in progress...   
Iteration 1852 in progress...   
Iteration 1853 in progress...   
Iteration 1854 in progress...   
Iteration 1855 in progress...   
Iteration 1856 in progress...   
Iteration 1857 in progress...   
Iteration 1858 in progress...   
Iteration 1859 in progress...   
Iteration 1860 in progress...   
Iteration 1861 in progress...   
Iteration 1862 in progress...   
Iteration 1863 in progress...   
Iteration 1864 in progress...   
Iteration 1865 in progress...   
Iteration 1866 in progress...   
Iteration 1867 in progress...   
Iteration 1868 in progress...   
Iteration 1869 in progress...   
Iteration 1870 in progress...   
Iteration 1871 in progress...   
Iteration 1872 in progress...   
Iteration 1873 in progress...   
Iteration 1874 in progress...   
Iteration 1875 in progress...   
Iteration 1876 in progress...   
Iteration 1877 in progress...   
Iteration 1878 in progress...   
Iteration 1879 in progress...   
Iteration 1880 in progress...   
Iteration 1881 in progress...   
Iteration 1882 in progress...   
Iteration 1883 in progress...   
Iteration 1884 in progress...   
Iteration 1885 in progress...   
Iteration 1886 in progress...   
Iteration 1887 in progress...   
Iteration 1888 in progress...   
Iteration 1889 in progress...   
Iteration 1890 in progress...   
Iteration 1891 in progress...   
Iteration 1892 in progress...   
Iteration 1893 in progress...   
Iteration 1894 in progress...   
Iteration 1895 in progress...   
Iteration 1896 in progress...   
Iteration 1897 in progress...   
Iteration 1898 in progress...   
Iteration 1899 in progress...   
Iteration 1900 in progress...   
Iteration 1901 in progress...   
Iteration 1902 in progress...   
Iteration 1903 in progress...   
Iteration 1904 in progress...   
Iteration 1905 in progress...   
Iteration 1906 in progress...   
Iteration 1907 in progress...   
Iteration 1908 in progress...   
Iteration 1909 in progress...   
Iteration 1910 in progress...   
Iteration 1911 in progress...   
Iteration 1912 in progress...   
Iteration 1913 in progress...   
Iteration 1914 in progress...   
Iteration 1915 in progress...   
Iteration 1916 in progress...   
Iteration 1917 in progress...   
Iteration 1918 in progress...   
Iteration 1919 in progress...   
Iteration 1920 in progress...   
Iteration 1921 in progress...   
Iteration 1922 in progress...   
Iteration 1923 in progress...   
Iteration 1924 in progress...   
Iteration 1925 in progress...   
Iteration 1926 in progress...   
Iteration 1927 in progress...   
Iteration 1928 in progress...   
Iteration 1929 in progress...   
Iteration 1930 in progress...   
Iteration 1931 in progress...   
Iteration 1932 in progress...   
Iteration 1933 in progress...   
Iteration 1934 in progress...   
Iteration 1935 in progress...   
Iteration 1936 in progress...   
Iteration 1937 in progress...   
Iteration 1938 in progress...   
Iteration 1939 in progress...   
Iteration 1940 in progress...   
Iteration 1941 in progress...   
Iteration 1942 in progress...   
Iteration 1943 in progress...   
Iteration 1944 in progress...   
Iteration 1945 in progress...   
Iteration 1946 in progress...   
Iteration 1947 in progress...   
Iteration 1948 in progress...   
Iteration 1949 in progress...   
Iteration 1950 in progress...   
Iteration 1951 in progress...   
Iteration 1952 in progress...   
Iteration 1953 in progress...   
Iteration 1954 in progress...   
Iteration 1955 in progress...   
Iteration 1956 in progress...   
Iteration 1957 in progress...   
Iteration 1958 in progress...   
Iteration 1959 in progress...   
Iteration 1960 in progress...   
Iteration 1961 in progress...   
Iteration 1962 in progress...   
Iteration 1963 in progress...   
Iteration 1964 in progress...   
Iteration 1965 in progress...   
Iteration 1966 in progress...   
Iteration 1967 in progress...   
Iteration 1968 in progress...   
Iteration 1969 in progress...   
Iteration 1970 in progress...   
Iteration 1971 in progress...   
Iteration 1972 in progress...   
Iteration 1973 in progress...   
Iteration 1974 in progress...   
Iteration 1975 in progress...   
Iteration 1976 in progress...   
Iteration 1977 in progress...   
Iteration 1978 in progress...   
Iteration 1979 in progress...   
Iteration 1980 in progress...   
Iteration 1981 in progress...   
Iteration 1982 in progress...   
Iteration 1983 in progress...   
Iteration 1984 in progress...   
Iteration 1985 in progress...   
Iteration 1986 in progress...   
Iteration 1987 in progress...   
Iteration 1988 in progress...   
Iteration 1989 in progress...   
Iteration 1990 in progress...   
Iteration 1991 in progress...   
Iteration 1992 in progress...   
Iteration 1993 in progress...   
Iteration 1994 in progress...   
Iteration 1995 in progress...   
Iteration 1996 in progress...   
Iteration 1997 in progress...   
Iteration 1998 in progress...   
Iteration 1999 in progress...   
Iteration 2000 in progress...   
Iteration 2001 in progress...   
Iteration 2002 in progress...   
Iteration 2003 in progress...   
Iteration 2004 in progress...   
Iteration 2005 in progress...   
Iteration 2006 in progress...   
Iteration 2007 in progress...   
Iteration 2008 in progress...   
Iteration 2009 in progress...   
Iteration 2010 in progress...   
Iteration 2011 in progress...   
Iteration 2012 in progress...   
Iteration 2013 in progress...   
Iteration 2014 in progress...   
Iteration 2015 in progress...   
Iteration 2016 in progress...   
Iteration 2017 in progress...   
Iteration 2018 in progress...   
Iteration 2019 in progress...   
Iteration 2020 in progress...   
Iteration 2021 in progress...   
Iteration 2022 in progress...   
Iteration 2023 in progress...   
Iteration 2024 in progress...   
Iteration 2025 in progress...   
Iteration 2026 in progress...   
Iteration 2027 in progress...   
Iteration 2028 in progress...   
Iteration 2029 in progress...   
Iteration 2030 in progress...   
Iteration 2031 in progress...   
Iteration 2032 in progress...   
Iteration 2033 in progress...   
Iteration 2034 in progress...   
Iteration 2035 in progress...   
Iteration 2036 in progress...   
Iteration 2037 in progress...   
Iteration 2038 in progress...   
Iteration 2039 in progress...   
Iteration 2040 in progress...   
Iteration 2041 in progress...   
Iteration 2042 in progress...   
Iteration 2043 in progress...   
Iteration 2044 in progress...   
Iteration 2045 in progress...   
Iteration 2046 in progress...   
Iteration 2047 in progress...   
Iteration 2048 in progress...   
Iteration 2049 in progress...   
Iteration 2050 in progress...   
Iteration 2051 in progress...   
Iteration 2052 in progress...   
Iteration 2053 in progress...   
Iteration 2054 in progress...   
Iteration 2055 in progress...   
Iteration 2056 in progress...   
Iteration 2057 in progress...   
Iteration 2058 in progress...   
Iteration 2059 in progress...   
Iteration 2060 in progress...   
Iteration 2061 in progress...   
Iteration 2062 in progress...   
Iteration 2063 in progress...   
Iteration 2064 in progress...   
Iteration 2065 in progress...   
Iteration 2066 in progress...   
Iteration 2067 in progress...   
Iteration 2068 in progress...   
Iteration 2069 in progress...   
Iteration 2070 in progress...   
Iteration 2071 in progress...   
Iteration 2072 in progress...   
Iteration 2073 in progress...   
Iteration 2074 in progress...   
Iteration 2075 in progress...   
Iteration 2076 in progress...   
Iteration 2077 in progress...   
Iteration 2078 in progress...   
Iteration 2079 in progress...   
Iteration 2080 in progress...   
Iteration 2081 in progress...   
Iteration 2082 in progress...   
Iteration 2083 in progress...   
Iteration 2084 in progress...   
Iteration 2085 in progress...   
Iteration 2086 in progress...   
Iteration 2087 in progress...   
Iteration 2088 in progress...   
Iteration 2089 in progress...   
Iteration 2090 in progress...   
Iteration 2091 in progress...   
Iteration 2092 in progress...   
Iteration 2093 in progress...   
Iteration 2094 in progress...   
Iteration 2095 in progress...   
Iteration 2096 in progress...   
Iteration 2097 in progress...   
Iteration 2098 in progress...   
Iteration 2099 in progress...   
Iteration 2100 in progress...   
Iteration 2101 in progress...   
Iteration 2102 in progress...   
Iteration 2103 in progress...   
Iteration 2104 in progress...   
Iteration 2105 in progress...   
Iteration 2106 in progress...   
Iteration 2107 in progress...   
Iteration 2108 in progress...   
Iteration 2109 in progress...   
Iteration 2110 in progress...   
Iteration 2111 in progress...   
Iteration 2112 in progress...   
Iteration 2113 in progress...   
Iteration 2114 in progress...   
Iteration 2115 in progress...   
Iteration 2116 in progress...   
Iteration 2117 in progress...   
Iteration 2118 in progress...   
Iteration 2119 in progress...   
Iteration 2120 in progress...   
Iteration 2121 in progress...   
Iteration 2122 in progress...   
Iteration 2123 in progress...   
Iteration 2124 in progress...   
Iteration 2125 in progress...   
Iteration 2126 in progress...   
Iteration 2127 in progress...   
Iteration 2128 in progress...   
Iteration 2129 in progress...   
Iteration 2130 in progress...   
Iteration 2131 in progress...   
Iteration 2132 in progress...   
Iteration 2133 in progress...   
Iteration 2134 in progress...   
Iteration 2135 in progress...   
Iteration 2136 in progress...   
Iteration 2137 in progress...   
Iteration 2138 in progress...   
Iteration 2139 in progress...   
Iteration 2140 in progress...   
Iteration 2141 in progress...   
Iteration 2142 in progress...   
Iteration 2143 in progress...   
Iteration 2144 in progress...   
Iteration 2145 in progress...   
Iteration 2146 in progress...   
Iteration 2147 in progress...   
Iteration 2148 in progress...   
Iteration 2149 in progress...   
Iteration 2150 in progress...   
Iteration 2151 in progress...   
Iteration 2152 in progress...   
Iteration 2153 in progress...   
Iteration 2154 in progress...   
Iteration 2155 in progress...   
Iteration 2156 in progress...   
Iteration 2157 in progress...   
Iteration 2158 in progress...   
Iteration 2159 in progress...   
Iteration 2160 in progress...   
Iteration 2161 in progress...   
Iteration 2162 in progress...   
Iteration 2163 in progress...   
Iteration 2164 in progress...   
Iteration 2165 in progress...   
Iteration 2166 in progress...   
Iteration 2167 in progress...   
Iteration 2168 in progress...   
Iteration 2169 in progress...   
Iteration 2170 in progress...   
Iteration 2171 in progress...   
Iteration 2172 in progress...   
Iteration 2173 in progress...   
Iteration 2174 in progress...   
Iteration 2175 in progress...   
Iteration 2176 in progress...   
Iteration 2177 in progress...   
Iteration 2178 in progress...   
Iteration 2179 in progress...   
Iteration 2180 in progress...   
Iteration 2181 in progress...   
Iteration 2182 in progress...   
Iteration 2183 in progress...   
Iteration 2184 in progress...   
Iteration 2185 in progress...   
Iteration 2186 in progress...   
Iteration 2187 in progress...   
Iteration 2188 in progress...   
Iteration 2189 in progress...   
Iteration 2190 in progress...   
Iteration 2191 in progress...   
Iteration 2192 in progress...   
Iteration 2193 in progress...   
Iteration 2194 in progress...   
Iteration 2195 in progress...   
Iteration 2196 in progress...   
Iteration 2197 in progress...   
Iteration 2198 in progress...   
Iteration 2199 in progress...   
Iteration 2200 in progress...   
Iteration 2201 in progress...   
Iteration 2202 in progress...   
Iteration 2203 in progress...   
Iteration 2204 in progress...   
Iteration 2205 in progress...   
Iteration 2206 in progress...   
Iteration 2207 in progress...   
Iteration 2208 in progress...   
Iteration 2209 in progress...   
Iteration 2210 in progress...   
Iteration 2211 in progress...   
Iteration 2212 in progress...   
Iteration 2213 in progress...   
Iteration 2214 in progress...   
Iteration 2215 in progress...   
Iteration 2216 in progress...   
Iteration 2217 in progress...   
Iteration 2218 in progress...   
Iteration 2219 in progress...   
Iteration 2220 in progress...   
Iteration 2221 in progress...   
Iteration 2222 in progress...   
Iteration 2223 in progress...   
Iteration 2224 in progress...   
Iteration 2225 in progress...   
Iteration 2226 in progress...   
Iteration 2227 in progress...   
Iteration 2228 in progress...   
Iteration 2229 in progress...   
Iteration 2230 in progress...   
Iteration 2231 in progress...   
Iteration 2232 in progress...   
Iteration 2233 in progress...   
Iteration 2234 in progress...   
Iteration 2235 in progress...   
Iteration 2236 in progress...   
Iteration 2237 in progress...   
Iteration 2238 in progress...   
Iteration 2239 in progress...   
Iteration 2240 in progress...   
Iteration 2241 in progress...   
Iteration 2242 in progress...   
Iteration 2243 in progress...   
Iteration 2244 in progress...   
Iteration 2245 in progress...   
Iteration 2246 in progress...   
Iteration 2247 in progress...   
Iteration 2248 in progress...   
Iteration 2249 in progress...   
Iteration 2250 in progress...   
Iteration 2251 in progress...   
Iteration 2252 in progress...   
Iteration 2253 in progress...   
Iteration 2254 in progress...   
Iteration 2255 in progress...   
Iteration 2256 in progress...   
Iteration 2257 in progress...   
Iteration 2258 in progress...   
Iteration 2259 in progress...   
Iteration 2260 in progress...   
Iteration 2261 in progress...   
Iteration 2262 in progress...   
Iteration 2263 in progress...   
Iteration 2264 in progress...   
Iteration 2265 in progress...   
Iteration 2266 in progress...   
Iteration 2267 in progress...   
Iteration 2268 in progress...   
Iteration 2269 in progress...   
Iteration 2270 in progress...   
Iteration 2271 in progress...   
Iteration 2272 in progress...   
Iteration 2273 in progress...   
Iteration 2274 in progress...   
Iteration 2275 in progress...   
Iteration 2276 in progress...   
Iteration 2277 in progress...   
Iteration 2278 in progress...   
Iteration 2279 in progress...   
Iteration 2280 in progress...   
Iteration 2281 in progress...   
Iteration 2282 in progress...   
Iteration 2283 in progress...   
Iteration 2284 in progress...   
Iteration 2285 in progress...   
Iteration 2286 in progress...   
Iteration 2287 in progress...   
Iteration 2288 in progress...   
Iteration 2289 in progress...   
Iteration 2290 in progress...   
Iteration 2291 in progress...   
Iteration 2292 in progress...   
Iteration 2293 in progress...   
Iteration 2294 in progress...   
Iteration 2295 in progress...   
Iteration 2296 in progress...   
Iteration 2297 in progress...   
Iteration 2298 in progress...   
Iteration 2299 in progress...   
Iteration 2300 in progress...   
Iteration 2301 in progress...   
Iteration 2302 in progress...   
Iteration 2303 in progress...   
Iteration 2304 in progress...   
Iteration 2305 in progress...   
Iteration 2306 in progress...   
Iteration 2307 in progress...   
Iteration 2308 in progress...   
Iteration 2309 in progress...   
Iteration 2310 in progress...   
Iteration 2311 in progress...   
Iteration 2312 in progress...   
Iteration 2313 in progress...   
Iteration 2314 in progress...   
Iteration 2315 in progress...   
Iteration 2316 in progress...   
Iteration 2317 in progress...   
Iteration 2318 in progress...   
Iteration 2319 in progress...   
Iteration 2320 in progress...   
Iteration 2321 in progress...   
Iteration 2322 in progress...   
Iteration 2323 in progress...   
Iteration 2324 in progress...   
Iteration 2325 in progress...   
Iteration 2326 in progress...   
Iteration 2327 in progress...   
Iteration 2328 in progress...   
Iteration 2329 in progress...   
Iteration 2330 in progress...   
Iteration 2331 in progress...   
Iteration 2332 in progress...   
Iteration 2333 in progress...   
Iteration 2334 in progress...   
Iteration 2335 in progress...   
Iteration 2336 in progress...   
Iteration 2337 in progress...   
Iteration 2338 in progress...   
Iteration 2339 in progress...   
Iteration 2340 in progress...   
Iteration 2341 in progress...   
Iteration 2342 in progress...   
Iteration 2343 in progress...   
Iteration 2344 in progress...   
Iteration 2345 in progress...   
Iteration 2346 in progress...   
Iteration 2347 in progress...   
Iteration 2348 in progress...   
Iteration 2349 in progress...   
Iteration 2350 in progress...   
Iteration 2351 in progress...   
Iteration 2352 in progress...   
Iteration 2353 in progress...   
Iteration 2354 in progress...   
Iteration 2355 in progress...   
Iteration 2356 in progress...   
Iteration 2357 in progress...   
Iteration 2358 in progress...   
Iteration 2359 in progress...   
Iteration 2360 in progress...   
Iteration 2361 in progress...   
Iteration 2362 in progress...   
Iteration 2363 in progress...   
Iteration 2364 in progress...   
Iteration 2365 in progress...   
Iteration 2366 in progress...   
Iteration 2367 in progress...   
Iteration 2368 in progress...   
Iteration 2369 in progress...   
Iteration 2370 in progress...   
Iteration 2371 in progress...   
Iteration 2372 in progress...   
Iteration 2373 in progress...   
Iteration 2374 in progress...   
Iteration 2375 in progress...   
Iteration 2376 in progress...   
Iteration 2377 in progress...   
Iteration 2378 in progress...   
Iteration 2379 in progress...   
Iteration 2380 in progress...   
Iteration 2381 in progress...   
Iteration 2382 in progress...   
Iteration 2383 in progress...   
Iteration 2384 in progress...   
Iteration 2385 in progress...   
Iteration 2386 in progress...   
Iteration 2387 in progress...   
Iteration 2388 in progress...   
Iteration 2389 in progress...   
Iteration 2390 in progress...   
Iteration 2391 in progress...   
Iteration 2392 in progress...   
Iteration 2393 in progress...   
Iteration 2394 in progress...   
Iteration 2395 in progress...   
Iteration 2396 in progress...   
Iteration 2397 in progress...   
Iteration 2398 in progress...   
Iteration 2399 in progress...   
Iteration 2400 in progress...   
Iteration 2401 in progress...   
Iteration 2402 in progress...   
Iteration 2403 in progress...   
Iteration 2404 in progress...   
Iteration 2405 in progress...   
Iteration 2406 in progress...   
Iteration 2407 in progress...   
Iteration 2408 in progress...   
Iteration 2409 in progress...   
Iteration 2410 in progress...   
Iteration 2411 in progress...   
Iteration 2412 in progress...   
Iteration 2413 in progress...   
Iteration 2414 in progress...   
Iteration 2415 in progress...   
Iteration 2416 in progress...   
Iteration 2417 in progress...   
Iteration 2418 in progress...   
Iteration 2419 in progress...   
Iteration 2420 in progress...   
Iteration 2421 in progress...   
Iteration 2422 in progress...   
Iteration 2423 in progress...   
Iteration 2424 in progress...   
Iteration 2425 in progress...   
Iteration 2426 in progress...   
Iteration 2427 in progress...   
Iteration 2428 in progress...   
Iteration 2429 in progress...   
Iteration 2430 in progress...   
Iteration 2431 in progress...   
Iteration 2432 in progress...   
Iteration 2433 in progress...   
Iteration 2434 in progress...   
Iteration 2435 in progress...   
Iteration 2436 in progress...   
Iteration 2437 in progress...   
Iteration 2438 in progress...   
Iteration 2439 in progress...   
Iteration 2440 in progress...   
Iteration 2441 in progress...   
Iteration 2442 in progress...   
Iteration 2443 in progress...   
Iteration 2444 in progress...   
Iteration 2445 in progress...   
Iteration 2446 in progress...   
Iteration 2447 in progress...   
Iteration 2448 in progress...   
Iteration 2449 in progress...   
Iteration 2450 in progress...   
Iteration 2451 in progress...   
Iteration 2452 in progress...   
Iteration 2453 in progress...   
Iteration 2454 in progress...   
Iteration 2455 in progress...   
Iteration 2456 in progress...   
Iteration 2457 in progress...   
Iteration 2458 in progress...   
Iteration 2459 in progress...   
Iteration 2460 in progress...   
Iteration 2461 in progress...   
Iteration 2462 in progress...   
Iteration 2463 in progress...   
Iteration 2464 in progress...   
Iteration 2465 in progress...   
Iteration 2466 in progress...   
Iteration 2467 in progress...   
Iteration 2468 in progress...   
Iteration 2469 in progress...   
/cm/local/apps/slurm/var/spool/job287928/slurm_script: line 19: 2674455 Killed                  python cvnsmall.py
I am done
