2023-11-17 08:16:57.480659: I tensorflow/core/platform/cpu_feature_guard.cc:193] This TensorFlow binary is optimized with oneAPI Deep Neural Network Library (oneDNN) to use the following CPU instructions in performance-critical operations:  AVX2 AVX512F AVX512_VNNI FMA
To enable them in other operations, rebuild TensorFlow with the appropriate compiler flags.
2023-11-17 08:16:57.602753: I tensorflow/core/util/port.cc:104] oneDNN custom operations are on. You may see slightly different numerical results due to floating-point round-off errors from different computation orders. To turn them off, set the environment variable `TF_ENABLE_ONEDNN_OPTS=0`.
2023-11-17 08:16:58.785660: W tensorflow/compiler/xla/stream_executor/platform/default/dso_loader.cc:64] Could not load dynamic library 'libnvinfer.so.7'; dlerror: libnvinfer.so.7: cannot open shared object file: No such file or directory; LD_LIBRARY_PATH: /cm/shared/apps/cudnn8.1-cuda11.2/8.1.1.33/lib64:/cm/local/apps/cuda/libs/current/lib64:/cm/shared/apps/cuda11.2/toolkit/11.2.2/targets/x86_64-linux/lib:/cm/shared/spack/opt/spack/linux-ubuntu20.04-x86_64/gcc-12.1.0/python-3.8.13-slu6jvwlh43vemachntuxtqyqbxpltdg/lib:/cm/shared/apps/slurm/current/lib64/slurm:/cm/shared/apps/slurm/current/lib64
2023-11-17 08:16:58.785745: W tensorflow/compiler/xla/stream_executor/platform/default/dso_loader.cc:64] Could not load dynamic library 'libnvinfer_plugin.so.7'; dlerror: libnvinfer_plugin.so.7: cannot open shared object file: No such file or directory; LD_LIBRARY_PATH: /cm/shared/apps/cudnn8.1-cuda11.2/8.1.1.33/lib64:/cm/local/apps/cuda/libs/current/lib64:/cm/shared/apps/cuda11.2/toolkit/11.2.2/targets/x86_64-linux/lib:/cm/shared/spack/opt/spack/linux-ubuntu20.04-x86_64/gcc-12.1.0/python-3.8.13-slu6jvwlh43vemachntuxtqyqbxpltdg/lib:/cm/shared/apps/slurm/current/lib64/slurm:/cm/shared/apps/slurm/current/lib64
2023-11-17 08:16:58.785755: W tensorflow/compiler/tf2tensorrt/utils/py_utils.cc:38] TF-TRT Warning: Cannot dlopen some TensorRT libraries. If you would like to use Nvidia GPU with TensorRT, please make sure the missing libraries mentioned above are installed properly.
2023-11-17 08:17:01.338629: I tensorflow/core/platform/cpu_feature_guard.cc:193] This TensorFlow binary is optimized with oneAPI Deep Neural Network Library (oneDNN) to use the following CPU instructions in performance-critical operations:  AVX2 AVX512F AVX512_VNNI FMA
To enable them in other operations, rebuild TensorFlow with the appropriate compiler flags.
2023-11-17 08:17:02.293918: I tensorflow/core/common_runtime/gpu/gpu_device.cc:1613] Created device /job:localhost/replica:0/task:0/device:GPU:0 with 22290 MB memory:  -> device: 0, name: NVIDIA A30, pci bus id: 0000:ca:00.0, compute capability: 8.0
2023-11-17 08:17:02.294494: I tensorflow/core/common_runtime/gpu/gpu_device.cc:1613] Created device /job:localhost/replica:0/task:0/device:GPU:1 with 22290 MB memory:  -> device: 1, name: NVIDIA A30, pci bus id: 0000:e3:00.0, compute capability: 8.0
Traceback (most recent call last):
  File "evaluate.py", line 33, in <module>
    imageData=pd.read_csv('stage_1_test_images.csv')
  File "/home/mamcinerney/.local/lib/python3.8/site-packages/pandas/io/parsers/readers.py", line 912, in read_csv
    return _read(filepath_or_buffer, kwds)
  File "/home/mamcinerney/.local/lib/python3.8/site-packages/pandas/io/parsers/readers.py", line 577, in _read
    parser = TextFileReader(filepath_or_buffer, **kwds)
  File "/home/mamcinerney/.local/lib/python3.8/site-packages/pandas/io/parsers/readers.py", line 1407, in __init__
    self._engine = self._make_engine(f, self.engine)
  File "/home/mamcinerney/.local/lib/python3.8/site-packages/pandas/io/parsers/readers.py", line 1661, in _make_engine
    self.handles = get_handle(
  File "/home/mamcinerney/.local/lib/python3.8/site-packages/pandas/io/common.py", line 859, in get_handle
    handle = open(
FileNotFoundError: [Errno 2] No such file or directory: 'stage_1_test_images.csv'
I am done
